<?xml version="1.0" encoding="UTF-8"?>
<!-- Generated by org.testng.reporters.JUnitReportReporter -->
<testsuite hostname="DESKTOP-UP6N2IR" failures="0" tests="8" name="testNgPack.TestNGClass" time="0.000" errors="2" timestamp="14 Feb 2023 16:22:31 GMT" skipped="6">
  <testcase classname="testNgPack.TestNGClass" name="verifyPrivacyPolicylink" time="0.000">
    <skipped/>
  </testcase> <!-- verifyPrivacyPolicylink -->
  <testcase classname="testNgPack.TestNGClass" name="openBrowser" time="0.000">
    <error message="
Can inject only one of &lt;ITestContext, XmlTest&gt; into a @BeforeClass annotated openBrowser.
For more information on native dependency injection please refer to http://testng.org/doc/documentation-main.html#native-dependency-injection" type="org.testng.TestNGException">
      <![CDATA[org.testng.TestNGException: 
Can inject only one of <ITestContext, XmlTest> into a @BeforeClass annotated openBrowser.
For more information on native dependency injection please refer to http://testng.org/doc/documentation-main.html#native-dependency-injection
at org.testng.internal.Parameters.checkParameterTypes(Parameters.java:407)
at org.testng.internal.Parameters.createParametersForMethod(Parameters.java:356)
at org.testng.internal.Parameters.createParameters(Parameters.java:635)
at org.testng.internal.Parameters.createConfigurationParameters(Parameters.java:190)
at org.testng.internal.Invoker.invokeConfigurations(Invoker.java:209)
at org.testng.internal.Invoker.invokeConfigurations(Invoker.java:142)
at org.testng.internal.TestMethodWorker.invokeBeforeClassMethods(TestMethodWorker.java:168)
at org.testng.internal.TestMethodWorker.run(TestMethodWorker.java:105)
at java.base/java.util.concurrent.ThreadPoolExecutor.runWorker(ThreadPoolExecutor.java:1136)
at java.base/java.util.concurrent.ThreadPoolExecutor$Worker.run(ThreadPoolExecutor.java:635)
at java.base/java.lang.Thread.run(Thread.java:833)
]]>
    </error>
  </testcase> <!-- openBrowser -->
  <testcase classname="testNgPack.TestNGClass" name="verifyPrivacyPolicylink" time="0.000">
    <skipped/>
  </testcase> <!-- verifyPrivacyPolicylink -->
  <testcase classname="testNgPack.TestNGClass" name="verifyTermsLink" time="0.000">
    <skipped/>
  </testcase> <!-- verifyTermsLink -->
  <testcase classname="testNgPack.TestNGClass" name="verifyCookiesPolicylink" time="0.000">
    <skipped/>
  </testcase> <!-- verifyCookiesPolicylink -->
  <testcase classname="testNgPack.TestNGClass" name="verifyCookiesPolicylink" time="0.000">
    <skipped/>
  </testcase> <!-- verifyCookiesPolicylink -->
  <testcase classname="testNgPack.TestNGClass" name="verifyTermsLink" time="0.000">
    <skipped/>
  </testcase> <!-- verifyTermsLink -->
  <testcase classname="testNgPack.TestNGClass" name="openBrowser" time="0.000">
    <error message="
Can inject only one of &lt;ITestContext, XmlTest&gt; into a @BeforeClass annotated openBrowser.
For more information on native dependency injection please refer to http://testng.org/doc/documentation-main.html#native-dependency-injection" type="org.testng.TestNGException">
      <![CDATA[org.testng.TestNGException: 
Can inject only one of <ITestContext, XmlTest> into a @BeforeClass annotated openBrowser.
For more information on native dependency injection please refer to http://testng.org/doc/documentation-main.html#native-dependency-injection
at org.testng.internal.Parameters.checkParameterTypes(Parameters.java:407)
at org.testng.internal.Parameters.createParametersForMethod(Parameters.java:356)
at org.testng.internal.Parameters.createParameters(Parameters.java:635)
at org.testng.internal.Parameters.createConfigurationParameters(Parameters.java:190)
at org.testng.internal.Invoker.invokeConfigurations(Invoker.java:209)
at org.testng.internal.Invoker.invokeConfigurations(Invoker.java:142)
at org.testng.internal.TestMethodWorker.invokeBeforeClassMethods(TestMethodWorker.java:168)
at org.testng.internal.TestMethodWorker.run(TestMethodWorker.java:105)
at java.base/java.util.concurrent.ThreadPoolExecutor.runWorker(ThreadPoolExecutor.java:1136)
at java.base/java.util.concurrent.ThreadPoolExecutor$Worker.run(ThreadPoolExecutor.java:635)
at java.base/java.lang.Thread.run(Thread.java:833)
]]>
    </error>
  </testcase> <!-- openBrowser -->
</testsuite> <!-- testNgPack.TestNGClass -->
